<?xml version="1.0" encoding="UTF-8"?>
<!-- Generated by org.testng.reporters.JUnitReportReporter -->
<testsuite skipped="0" hostname="FSSCHND1643" name="ichtestcases.ICHDisputeManagement" tests="1" failures="0" timestamp="20 Mar 2020 13:08:39 GMT" time="390.759" errors="0">
  <testcase name="loginAndLogout" time="390.759" classname="ichtestcases.ICHDisputeManagement"/>
</testsuite> <!-- ichtestcases.ICHDisputeManagement -->
