<?xml version="1.0" encoding="UTF-8"?>
<!-- Generated by org.testng.reporters.JUnitReportReporter -->
<testsuite skipped="0" hostname="FSSCHND1643" name="testcases.ExchangeRateRuleConfigure" tests="1" failures="0" timestamp="19 Mar 2020 14:54:58 GMT" time="47.187" errors="0">
  <testcase name="loginAndLogout" time="47.187" classname="testcases.ExchangeRateRuleConfigure"/>
</testsuite> <!-- testcases.ExchangeRateRuleConfigure -->
