<?xml version="1.0" encoding="UTF-8"?>
<!-- Generated by org.testng.reporters.JUnitReportReporter -->
<testsuite skipped="0" hostname="FSSCHND1643" name="ichtestcases.ICHDisputeAccountConfigure" tests="1" failures="0" timestamp="17 Mar 2020 13:16:07 GMT" time="181.829" errors="0">
  <testcase name="loginAndLogout" time="181.829" classname="ichtestcases.ICHDisputeAccountConfigure"/>
</testsuite> <!-- ichtestcases.ICHDisputeAccountConfigure -->
