<?xml version="1.0" encoding="UTF-8"?>
<!-- Generated by org.testng.reporters.JUnitReportReporter -->
<testsuite hostname="DESKTOP-JK6415H" failures="0" tests="1" name="testcases.LinkBankMerchants" time="79.208" errors="0" timestamp="2020-11-12T11:54:09 IST" skipped="0">
  <testcase classname="testcases.LinkBankMerchants" name="ListOfBanks" time="79.208"/>
  <system-out/>
</testsuite> <!-- testcases.LinkBankMerchants -->
