<?xml version="1.0" encoding="UTF-8"?>
<!-- Generated by org.testng.reporters.JUnitReportReporter -->
<testsuite skipped="0" hostname="FSSCHND1643" name="ichtestcases.ICHMemberpriority" tests="1" failures="0" timestamp="20 Mar 2020 13:08:39 GMT" time="20.678" errors="0">
  <testcase name="loginAndLogout" time="20.678" classname="ichtestcases.ICHMemberpriority"/>
</testsuite> <!-- ichtestcases.ICHMemberpriority -->
