<?xml version="1.0" encoding="UTF-8"?>
<!-- Generated by org.testng.reporters.JUnitReportReporter -->
<testsuite hostname="DESKTOP-JK6415H" failures="0" tests="1" name="testcases.StandingOrder" time="12.313" errors="0" timestamp="2020-11-12T11:54:10 IST" skipped="0">
  <testcase classname="testcases.StandingOrder" name="loginAndLogout" time="12.313"/>
  <system-out/>
</testsuite> <!-- testcases.StandingOrder -->
