<?xml version="1.0" encoding="UTF-8"?>
<!-- Generated by org.testng.reporters.JUnitReportReporter -->
<testsuite skipped="0" hostname="FSSCHND1643" name="ichtestcases.ICHConfigure" tests="1" failures="0" timestamp="20 Mar 2020 13:08:39 GMT" time="122.999" errors="0">
  <testcase name="dphconfig" time="122.999" classname="ichtestcases.ICHConfigure"/>
</testsuite> <!-- ichtestcases.ICHConfigure -->
