<?xml version="1.0" encoding="UTF-8"?>
<!-- Generated by org.testng.reporters.JUnitReportReporter -->
<testsuite skipped="0" hostname="FSSCHND1643" name="testcases.DeleteIPS" tests="1" failures="0" timestamp="19 Mar 2020 12:48:01 GMT" time="180.142" errors="0">
  <testcase name="loginAndLogout" time="180.142" classname="testcases.DeleteIPS"/>
</testsuite> <!-- testcases.DeleteIPS -->
