<?xml version="1.0" encoding="UTF-8"?>
<!-- Generated by org.testng.reporters.JUnitReportReporter -->
<testsuite skipped="0" hostname="FSSCHND1643" name="testcases.ChannelInstrumentProfile" tests="1" failures="0" timestamp="19 Mar 2020 14:54:58 GMT" time="53.423" errors="0">
  <testcase name="loginAndLogout" time="53.423" classname="testcases.ChannelInstrumentProfile"/>
</testsuite> <!-- testcases.ChannelInstrumentProfile -->
