<?xml version="1.0" encoding="UTF-8"?>
<!-- Generated by org.testng.reporters.JUnitReportReporter -->
<testsuite hostname="DESKTOP-JK6415H" failures="0" tests="1" name="testcases.Accounts" time="38.167" errors="0" timestamp="2020-11-12T11:54:09 IST" skipped="0">
  <testcase classname="testcases.Accounts" name="Accounts" time="38.167"/>
  <system-out/>
</testsuite> <!-- testcases.Accounts -->
